


ARM Macro Assembler    Page 1 


    1 00000000         ;/******************************************************
                       *****************
    2 00000000         ; * $Id: startup_LPC18xx.s 6473 2011-02-16 17:40:54Z nxp
                       27266 $
    3 00000000         ; *
    4 00000000         ; * Project: LPC18xx CMSIS Package
    5 00000000         ; *
    6 00000000         ; * Description: Cortex-M3 Core Device Startup File for 
                       the NXP LPC18xx 
    7 00000000         ; *              Device Series.
    8 00000000         ; *
    9 00000000         ; * Copyright(C) 2011, NXP Semiconductor
   10 00000000         ; * All rights reserved.
   11 00000000         ; *
   12 00000000         ; ******************************************************
                       *****************
   13 00000000         ; * Software that is described herein is for illustrativ
                       e purposes only
   14 00000000         ; * which provides customers with programming informatio
                       n regarding the
   15 00000000         ; * products. This software is supplied "AS IS" without 
                       any warranties.
   16 00000000         ; * NXP Semiconductors assumes no responsibility or liab
                       ility for the
   17 00000000         ; * use of the software, conveys no license or title und
                       er any patent,
   18 00000000         ; * copyright, or mask work right to the product. NXP Se
                       miconductors
   19 00000000         ; * reserves the right to make changes in the software w
                       ithout
   20 00000000         ; * notification. NXP Semiconductors also make no repres
                       entation or
   21 00000000         ; * warranty that such application will be suitable for 
                       the specified
   22 00000000         ; * use without further testing or modification.
   23 00000000         ; ******************************************************
                       ****************/
   24 00000000         
   25 00000000         ; <h> Stack Configuration
   26 00000000         ;   <o> Stack Size (in Bytes) <0x0-0xFFFFFFFF:8>
   27 00000000         ; </h>
   28 00000000         
   29 00000000 00000800 
                       Stack_Size
                               EQU              0x00000800
   30 00000000         
   31 00000000                 AREA             STACK, NOINIT, READWRITE, ALIGN
=3
   32 00000000         Stack_Mem
                               SPACE            Stack_Size
   33 00000800         __initial_sp
   34 00000800         
   35 00000800         ; <h> Heap Configuration
   36 00000800         ;   <o>  Heap Size (in Bytes) <0x0-0xFFFFFFFF:8>
   37 00000800         ; </h>
   38 00000800         
   39 00000800 00000000 
                       Heap_Size
                               EQU              0x00000000



ARM Macro Assembler    Page 2 


   40 00000800         
   41 00000800                 AREA             HEAP, NOINIT, READWRITE, ALIGN=
3
   42 00000000         __heap_base
   43 00000000         Heap_Mem
                               SPACE            Heap_Size
   44 00000000         __heap_limit
   45 00000000         
   46 00000000                 PRESERVE8
   47 00000000                 THUMB
   48 00000000         
   49 00000000         ; Vector Table Mapped to Address 0 at Reset
   50 00000000         
   51 00000000                 AREA             RESET, DATA, READONLY
   52 00000000                 EXPORT           __Vectors
   53 00000000         
   54 00000000 5A5A5A5A 
                       Sign_Value
                               EQU              0x5A5A5A5A
   55 00000000         
   56 00000000 00000000 
                       __Vectors
                               DCD              __initial_sp ; 0 Top of Stack
   57 00000004 00000000        DCD              Reset_Handler ; 1 Reset Handler
                                                            
   58 00000008 00000000        DCD              NMI_Handler ; 2 NMI Handler
   59 0000000C 00000000        DCD              HardFault_Handler ; 3 Hard Faul
                                                            t Handler
   60 00000010 00000000        DCD              MemManage_Handler ; 4 MPU Fault
                                                             Handler
   61 00000014 00000000        DCD              BusFault_Handler ; 5 Bus Fault 
                                                            Handler
   62 00000018 00000000        DCD              UsageFault_Handler ; 6 Usage Fa
                                                            ult Handler
   63 0000001C 5A5A5A5A        DCD              Sign_Value  ; 7 Reserved
   64 00000020 00000000        DCD              0           ; 8 Reserved
   65 00000024 00000000        DCD              0           ; 9 Reserved
   66 00000028 00000000        DCD              0           ; 10 Reserved
   67 0000002C 00000000        DCD              SVC_Handler ; 11 SVCall Handler
                                                            
   68 00000030 00000000        DCD              DebugMon_Handler ; 12 Debug Mon
                                                            itor Handler
   69 00000034 00000000        DCD              0           ; 13 Reserved
   70 00000038 00000000        DCD              PendSV_Handler 
                                                            ; 14 PendSV Handler
                                                            
   71 0000003C 00000000        DCD              SysTick_Handler ; 15 SysTick Ha
                                                            ndler
   72 00000040         
   73 00000040         ; External Interrupts    
   74 00000040 00000000        DCD              DAC_IRQHandler 
                                                            ; 16 D/A Converter
   75 00000044 00000000        DCD              M0CORE_IRQHandler ; 17 M0 Core
   76 00000048 00000000        DCD              DMA_IRQHandler ; 18 General Pur
                                                            pose DMA
   77 0000004C 00000000        DCD              EZH_IRQHandler ; 19 EZH/EDM
   78 00000050 00000000        DCD              FLASH_EEPROM_IRQHandler ; 20 Re
                                                            served for Typhoon
   79 00000054 00000000        DCD              ETH_IRQHandler ; 21 Ethernet



ARM Macro Assembler    Page 3 


   80 00000058 00000000        DCD              SDIO_IRQHandler ; 22 SD/MMC
   81 0000005C 00000000        DCD              LCD_IRQHandler ; 23 LCD
   82 00000060 00000000        DCD              USB0_IRQHandler ; 24 USB0
   83 00000064 00000000        DCD              USB1_IRQHandler ; 25 USB1
   84 00000068 00000000        DCD              SCT_IRQHandler ; 26 State Confi
                                                            gurable Timer
   85 0000006C 00000000        DCD              RIT_IRQHandler ; 27 Repetitive 
                                                            Interrupt Timer
   86 00000070 00000000        DCD              TIMER0_IRQHandler ; 28 Timer0
   87 00000074 00000000        DCD              TIMER1_IRQHandler ; 29 Timer1
   88 00000078 00000000        DCD              TIMER2_IRQHandler ; 30 Timer2
   89 0000007C 00000000        DCD              TIMER3_IRQHandler ; 31 Timer3
   90 00000080 00000000        DCD              MCPWM_IRQHandler ; 32 Motor Con
                                                            trol PWM
   91 00000084 00000000        DCD              ADC0_IRQHandler ; 33 A/D Conver
                                                            ter 0
   92 00000088 00000000        DCD              I2C0_IRQHandler ; 34 I2C0
   93 0000008C 00000000        DCD              I2C1_IRQHandler ; 35 I2C1
   94 00000090 00000000        DCD              SPI_IRQHandler ; 36 SPI
   95 00000094 00000000        DCD              ADC1_IRQHandler ; 37 A/D Conver
                                                            ter 1
   96 00000098 00000000        DCD              SSP0_IRQHandler ; 38 SSP0
   97 0000009C 00000000        DCD              SSP1_IRQHandler ; 39 SSP1
   98 000000A0 00000000        DCD              UART0_IRQHandler ; 40 UART0
   99 000000A4 00000000        DCD              UART1_IRQHandler ; 41 UART1
  100 000000A8 00000000        DCD              UART2_IRQHandler ; 42 UART2
  101 000000AC 00000000        DCD              UART3_IRQHandler ; 43 UART3
  102 000000B0 00000000        DCD              I2S0_IRQHandler ; 44 I2S0
  103 000000B4 00000000        DCD              I2S1_IRQHandler ; 45 I2S1
  104 000000B8 00000000        DCD              SPIFI_IRQHandler ; 46 SPI Flash
                                                             Interface
  105 000000BC 00000000        DCD              SGPIO_IRQHandler ; 47 SGPIO
  106 000000C0 00000000        DCD              GPIO0_IRQHandler ; 48 GPIO0
  107 000000C4 00000000        DCD              GPIO1_IRQHandler ; 49 GPIO1
  108 000000C8 00000000        DCD              GPIO2_IRQHandler ; 50 GPIO2
  109 000000CC 00000000        DCD              GPIO3_IRQHandler ; 51 GPIO3
  110 000000D0 00000000        DCD              GPIO4_IRQHandler ; 52 GPIO4
  111 000000D4 00000000        DCD              GPIO5_IRQHandler ; 53 GPIO5
  112 000000D8 00000000        DCD              GPIO6_IRQHandler ; 54 GPIO6
  113 000000DC 00000000        DCD              GPIO7_IRQHandler ; 55 GPIO7
  114 000000E0 00000000        DCD              GINT0_IRQHandler ; 56 GINT0
  115 000000E4 00000000        DCD              GINT1_IRQHandler ; 57 GINT1
  116 000000E8 00000000        DCD              EVRT_IRQHandler 
                                                            ; 58 Event Router
  117 000000EC 00000000        DCD              CAN1_IRQHandler ; 59 C_CAN1
  118 000000F0 00000000        DCD              0           ; 60 Reserved
  119 000000F4 00000000        DCD              VADC_IRQHandler ; 61 VADC
  120 000000F8 00000000        DCD              ATIMER_IRQHandler ; 62 ATIMER
  121 000000FC 00000000        DCD              RTC_IRQHandler ; 63 RTC
  122 00000100 00000000        DCD              0           ; 64 Reserved
  123 00000104 00000000        DCD              WDT_IRQHandler ; 65 WDT
  124 00000108 00000000        DCD              M0s_IRQHandler ; 66 M0s
  125 0000010C 00000000        DCD              CAN0_IRQHandler ; 67 C_CAN0
  126 00000110 00000000        DCD              QEI_IRQHandler ; 68 QEI
  127 00000114         
  128 00000114         
  129 00000114                 IF               :LNOT::DEF:NO_CRP
  132                          ENDIF
  133 00000114         



ARM Macro Assembler    Page 4 


  134 00000114                 AREA             |.text|, CODE, READONLY
  135 00000000         
  136 00000000         ; Reset Handler
  137 00000000         
  138 00000000         Reset_Handler
                               PROC
  139 00000000                 EXPORT           Reset_Handler             [WEAK
]
  140 00000000                 IMPORT           __main
  141 00000000 4805            LDR              R0, =__main
  142 00000002 4700            BX               R0
  143 00000004                 ENDP
  144 00000004         
  145 00000004         ; Dummy Exception Handlers (infinite loops which can be 
                       modified)                
  146 00000004         
  147 00000004         NMI_Handler
                               PROC
  148 00000004                 EXPORT           NMI_Handler               [WEAK
]
  149 00000004 E7FE            B                .
  150 00000006                 ENDP
  152 00000006         HardFault_Handler
                               PROC
  153 00000006                 EXPORT           HardFault_Handler         [WEAK
]
  154 00000006 E7FE            B                .
  155 00000008                 ENDP
  157 00000008         MemManage_Handler
                               PROC
  158 00000008                 EXPORT           MemManage_Handler         [WEAK
]
  159 00000008 E7FE            B                .
  160 0000000A                 ENDP
  162 0000000A         BusFault_Handler
                               PROC
  163 0000000A                 EXPORT           BusFault_Handler          [WEAK
]
  164 0000000A E7FE            B                .
  165 0000000C                 ENDP
  167 0000000C         UsageFault_Handler
                               PROC
  168 0000000C                 EXPORT           UsageFault_Handler        [WEAK
]
  169 0000000C E7FE            B                .
  170 0000000E                 ENDP
  171 0000000E         SVC_Handler
                               PROC
  172 0000000E                 EXPORT           SVC_Handler               [WEAK
]
  173 0000000E E7FE            B                .
  174 00000010                 ENDP
  176 00000010         DebugMon_Handler
                               PROC
  177 00000010                 EXPORT           DebugMon_Handler          [WEAK
]
  178 00000010 E7FE            B                .
  179 00000012                 ENDP
  180 00000012         PendSV_Handler



ARM Macro Assembler    Page 5 


                               PROC
  181 00000012                 EXPORT           PendSV_Handler            [WEAK
]
  182 00000012 E7FE            B                .
  183 00000014                 ENDP
  184 00000014         SysTick_Handler
                               PROC
  185 00000014                 EXPORT           SysTick_Handler           [WEAK
]
  186 00000014 E7FE            B                .
  187 00000016                 ENDP
  188 00000016         
  189 00000016         Default_Handler
                               PROC
  190 00000016         
  191 00000016                 EXPORT           DAC_IRQHandler  [WEAK]
  192 00000016                 EXPORT           M0CORE_IRQHandler [WEAK]
  193 00000016                 EXPORT           DMA_IRQHandler  [WEAK]
  194 00000016                 EXPORT           EZH_IRQHandler  [WEAK]
  195 00000016                 EXPORT           FLASH_EEPROM_IRQHandler [WEAK]
  196 00000016                 EXPORT           ETH_IRQHandler  [WEAK]
  197 00000016                 EXPORT           SDIO_IRQHandler  [WEAK]
  198 00000016                 EXPORT           LCD_IRQHandler  [WEAK]
  199 00000016                 EXPORT           USB0_IRQHandler  [WEAK]
  200 00000016                 EXPORT           USB1_IRQHandler  [WEAK]
  201 00000016                 EXPORT           SCT_IRQHandler  [WEAK]
  202 00000016                 EXPORT           RIT_IRQHandler  [WEAK]
  203 00000016                 EXPORT           TIMER0_IRQHandler [WEAK]
  204 00000016                 EXPORT           TIMER1_IRQHandler [WEAK]
  205 00000016                 EXPORT           TIMER2_IRQHandler [WEAK]
  206 00000016                 EXPORT           TIMER3_IRQHandler [WEAK]
  207 00000016                 EXPORT           MCPWM_IRQHandler [WEAK]
  208 00000016                 EXPORT           ADC0_IRQHandler  [WEAK]
  209 00000016                 EXPORT           I2C0_IRQHandler  [WEAK]
  210 00000016                 EXPORT           I2C1_IRQHandler  [WEAK]
  211 00000016                 EXPORT           SPI_IRQHandler  [WEAK]
  212 00000016                 EXPORT           ADC1_IRQHandler  [WEAK]
  213 00000016                 EXPORT           SSP0_IRQHandler  [WEAK]
  214 00000016                 EXPORT           SSP1_IRQHandler  [WEAK]
  215 00000016                 EXPORT           UART0_IRQHandler [WEAK]
  216 00000016                 EXPORT           UART1_IRQHandler [WEAK]
  217 00000016                 EXPORT           UART2_IRQHandler [WEAK]
  218 00000016                 EXPORT           UART3_IRQHandler [WEAK]
  219 00000016                 EXPORT           I2S0_IRQHandler  [WEAK]
  220 00000016                 EXPORT           I2S1_IRQHandler  [WEAK]
  221 00000016                 EXPORT           SPIFI_IRQHandler [WEAK]
  222 00000016                 EXPORT           SGPIO_IRQHandler [WEAK]
  223 00000016                 EXPORT           GPIO0_IRQHandler [WEAK]
  224 00000016                 EXPORT           GPIO1_IRQHandler [WEAK]
  225 00000016                 EXPORT           GPIO2_IRQHandler [WEAK]
  226 00000016                 EXPORT           GPIO3_IRQHandler [WEAK]
  227 00000016                 EXPORT           GPIO4_IRQHandler [WEAK]
  228 00000016                 EXPORT           GPIO5_IRQHandler [WEAK]
  229 00000016                 EXPORT           GPIO6_IRQHandler [WEAK]
  230 00000016                 EXPORT           GPIO7_IRQHandler [WEAK]
  231 00000016                 EXPORT           GINT0_IRQHandler [WEAK]
  232 00000016                 EXPORT           GINT1_IRQHandler [WEAK]
  233 00000016                 EXPORT           EVRT_IRQHandler  [WEAK]
  234 00000016                 EXPORT           CAN1_IRQHandler  [WEAK]



ARM Macro Assembler    Page 6 


  235 00000016         ;     EXPORT RESERVED3   [WEAK]
  236 00000016                 EXPORT           VADC_IRQHandler  [WEAK]
  237 00000016                 EXPORT           ATIMER_IRQHandler [WEAK]
  238 00000016                 EXPORT           RTC_IRQHandler  [WEAK]
  239 00000016         ;     EXPORT RESERVED4   [WEAK]
  240 00000016                 EXPORT           WDT_IRQHandler  [WEAK]
  241 00000016                 EXPORT           M0s_IRQHandler  [WEAK]
  242 00000016                 EXPORT           CAN0_IRQHandler  [WEAK]
  243 00000016                 EXPORT           QEI_IRQHandler  [WEAK]
  244 00000016         
  245 00000016         
  246 00000016         DAC_IRQHandler
  247 00000016         M0CORE_IRQHandler
  248 00000016         DMA_IRQHandler
  249 00000016         EZH_IRQHandler
  250 00000016         FLASH_EEPROM_IRQHandler
  251 00000016         ETH_IRQHandler
  252 00000016         SDIO_IRQHandler
  253 00000016         LCD_IRQHandler
  254 00000016         USB0_IRQHandler
  255 00000016         USB1_IRQHandler
  256 00000016         SCT_IRQHandler
  257 00000016         RIT_IRQHandler
  258 00000016         TIMER0_IRQHandler
  259 00000016         TIMER1_IRQHandler
  260 00000016         TIMER2_IRQHandler
  261 00000016         TIMER3_IRQHandler
  262 00000016         MCPWM_IRQHandler
  263 00000016         ADC0_IRQHandler
  264 00000016         I2C0_IRQHandler
  265 00000016         I2C1_IRQHandler
  266 00000016         SPI_IRQHandler
  267 00000016         ADC1_IRQHandler
  268 00000016         SSP0_IRQHandler
  269 00000016         SSP1_IRQHandler
  270 00000016         UART0_IRQHandler
  271 00000016         UART1_IRQHandler
  272 00000016         UART2_IRQHandler
  273 00000016         UART3_IRQHandler
  274 00000016         I2S0_IRQHandler
  275 00000016         I2S1_IRQHandler
  276 00000016         SPIFI_IRQHandler
  277 00000016         SGPIO_IRQHandler
  278 00000016         GPIO0_IRQHandler
  279 00000016         GPIO1_IRQHandler
  280 00000016         GPIO2_IRQHandler
  281 00000016         GPIO3_IRQHandler
  282 00000016         GPIO4_IRQHandler
  283 00000016         GPIO5_IRQHandler
  284 00000016         GPIO6_IRQHandler
  285 00000016         GPIO7_IRQHandler
  286 00000016         GINT0_IRQHandler
  287 00000016         GINT1_IRQHandler
  288 00000016         EVRT_IRQHandler
  289 00000016         CAN1_IRQHandler
  290 00000016         ;RESERVED3
  291 00000016         VADC_IRQHandler
  292 00000016         ATIMER_IRQHandler
  293 00000016         RTC_IRQHandler



ARM Macro Assembler    Page 7 


  294 00000016         ;RESERVED4
  295 00000016         WDT_IRQHandler
  296 00000016         M0s_IRQHandler
  297 00000016         CAN0_IRQHandler
  298 00000016         QEI_IRQHandler
  299 00000016 E7FE            B                .
  300 00000018         
  301 00000018                 ENDP
  302 00000018         
  303 00000018                 ALIGN
  304 00000018         
  305 00000018         ; User Initial Stack & Heap
  306 00000018         
  307 00000018                 IF               :DEF:__MICROLIB
  308 00000018         
  309 00000018                 EXPORT           __initial_sp
  310 00000018                 EXPORT           __heap_base
  311 00000018                 EXPORT           __heap_limit
  312 00000018         
  313 00000018                 ELSE
  327                          ENDIF
  328 00000018         
  329 00000018 00000000        AREA             |.text|,CODE, READONLY
  330 0000001C         getPC   PROC
  331 0000001C                 EXPORT           getPC
  332 0000001C         
  333 0000001C 4670            MOV              R0,LR
  334 0000001E 4770            BX               LR
  335 00000020         
  336 00000020                 ENDP
  337 00000020         
  338 00000020                 END
Command Line: --debug --xref --cpu=Cortex-M4.fp --apcs=interwork --depend=".\in
ternal sram\startup_lpc43xx.d" -o".\internal sram\startup_lpc43xx.o" -IC:\Keil_
v5\ARM\RV31\INC -IC:\Keil_v5\ARM\PACK\ARM\CMSIS\4.1.1\CMSIS\Include -IC:\Keil_v
5\ARM\Inc\NXP\LPC43xx --predefine="__MICROLIB SETA 1" --predefine="NO_CRP SETA 
1" --list=.\internal sram\startup_lpc43xx.lst ..\..\..\Core\Device\NXP\LPC43xx\
Source\Templates\ARM\startup_LPC43xx.s



ARM Macro Assembler    Page 1 Alphabetic symbol ordering
Relocatable symbols

STACK 00000000

Symbol: STACK
   Definitions
      At line 31 in file ..\..\..\Core\Device\NXP\LPC43xx\Source\Templates\ARM\
startup_LPC43xx.s
   Uses
      None
Comment: STACK unused
Stack_Mem 00000000

Symbol: Stack_Mem
   Definitions
      At line 32 in file ..\..\..\Core\Device\NXP\LPC43xx\Source\Templates\ARM\
startup_LPC43xx.s
   Uses
      None
Comment: Stack_Mem unused
__initial_sp 00000800

Symbol: __initial_sp
   Definitions
      At line 33 in file ..\..\..\Core\Device\NXP\LPC43xx\Source\Templates\ARM\
startup_LPC43xx.s
   Uses
      At line 56 in file ..\..\..\Core\Device\NXP\LPC43xx\Source\Templates\ARM\
startup_LPC43xx.s
      At line 309 in file ..\..\..\Core\Device\NXP\LPC43xx\Source\Templates\ARM
\startup_LPC43xx.s

3 symbols



ARM Macro Assembler    Page 1 Alphabetic symbol ordering
Relocatable symbols

HEAP 00000000

Symbol: HEAP
   Definitions
      At line 41 in file ..\..\..\Core\Device\NXP\LPC43xx\Source\Templates\ARM\
startup_LPC43xx.s
   Uses
      None
Comment: HEAP unused
Heap_Mem 00000000

Symbol: Heap_Mem
   Definitions
      At line 43 in file ..\..\..\Core\Device\NXP\LPC43xx\Source\Templates\ARM\
startup_LPC43xx.s
   Uses
      None
Comment: Heap_Mem unused
__heap_base 00000000

Symbol: __heap_base
   Definitions
      At line 42 in file ..\..\..\Core\Device\NXP\LPC43xx\Source\Templates\ARM\
startup_LPC43xx.s
   Uses
      At line 310 in file ..\..\..\Core\Device\NXP\LPC43xx\Source\Templates\ARM
\startup_LPC43xx.s
Comment: __heap_base used once
__heap_limit 00000000

Symbol: __heap_limit
   Definitions
      At line 44 in file ..\..\..\Core\Device\NXP\LPC43xx\Source\Templates\ARM\
startup_LPC43xx.s
   Uses
      At line 311 in file ..\..\..\Core\Device\NXP\LPC43xx\Source\Templates\ARM
\startup_LPC43xx.s
Comment: __heap_limit used once
4 symbols



ARM Macro Assembler    Page 1 Alphabetic symbol ordering
Relocatable symbols

RESET 00000000

Symbol: RESET
   Definitions
      At line 51 in file ..\..\..\Core\Device\NXP\LPC43xx\Source\Templates\ARM\
startup_LPC43xx.s
   Uses
      None
Comment: RESET unused
__Vectors 00000000

Symbol: __Vectors
   Definitions
      At line 56 in file ..\..\..\Core\Device\NXP\LPC43xx\Source\Templates\ARM\
startup_LPC43xx.s
   Uses
      At line 52 in file ..\..\..\Core\Device\NXP\LPC43xx\Source\Templates\ARM\
startup_LPC43xx.s
Comment: __Vectors used once
2 symbols



ARM Macro Assembler    Page 1 Alphabetic symbol ordering
Relocatable symbols

.text 00000000

Symbol: .text
   Definitions
      At line 134 in file ..\..\..\Core\Device\NXP\LPC43xx\Source\Templates\ARM
\startup_LPC43xx.s
   Uses
      None
Comment: .text unused
ADC0_IRQHandler 00000016

Symbol: ADC0_IRQHandler
   Definitions
      At line 263 in file ..\..\..\Core\Device\NXP\LPC43xx\Source\Templates\ARM
\startup_LPC43xx.s
   Uses
      At line 91 in file ..\..\..\Core\Device\NXP\LPC43xx\Source\Templates\ARM\
startup_LPC43xx.s
      At line 208 in file ..\..\..\Core\Device\NXP\LPC43xx\Source\Templates\ARM
\startup_LPC43xx.s

ADC1_IRQHandler 00000016

Symbol: ADC1_IRQHandler
   Definitions
      At line 267 in file ..\..\..\Core\Device\NXP\LPC43xx\Source\Templates\ARM
\startup_LPC43xx.s
   Uses
      At line 95 in file ..\..\..\Core\Device\NXP\LPC43xx\Source\Templates\ARM\
startup_LPC43xx.s
      At line 212 in file ..\..\..\Core\Device\NXP\LPC43xx\Source\Templates\ARM
\startup_LPC43xx.s

ATIMER_IRQHandler 00000016

Symbol: ATIMER_IRQHandler
   Definitions
      At line 292 in file ..\..\..\Core\Device\NXP\LPC43xx\Source\Templates\ARM
\startup_LPC43xx.s
   Uses
      At line 120 in file ..\..\..\Core\Device\NXP\LPC43xx\Source\Templates\ARM
\startup_LPC43xx.s
      At line 237 in file ..\..\..\Core\Device\NXP\LPC43xx\Source\Templates\ARM
\startup_LPC43xx.s

BusFault_Handler 0000000A

Symbol: BusFault_Handler
   Definitions
      At line 162 in file ..\..\..\Core\Device\NXP\LPC43xx\Source\Templates\ARM
\startup_LPC43xx.s
   Uses
      At line 61 in file ..\..\..\Core\Device\NXP\LPC43xx\Source\Templates\ARM\
startup_LPC43xx.s
      At line 163 in file ..\..\..\Core\Device\NXP\LPC43xx\Source\Templates\ARM
\startup_LPC43xx.s

CAN0_IRQHandler 00000016




ARM Macro Assembler    Page 2 Alphabetic symbol ordering
Relocatable symbols

Symbol: CAN0_IRQHandler
   Definitions
      At line 297 in file ..\..\..\Core\Device\NXP\LPC43xx\Source\Templates\ARM
\startup_LPC43xx.s
   Uses
      At line 125 in file ..\..\..\Core\Device\NXP\LPC43xx\Source\Templates\ARM
\startup_LPC43xx.s
      At line 242 in file ..\..\..\Core\Device\NXP\LPC43xx\Source\Templates\ARM
\startup_LPC43xx.s

CAN1_IRQHandler 00000016

Symbol: CAN1_IRQHandler
   Definitions
      At line 289 in file ..\..\..\Core\Device\NXP\LPC43xx\Source\Templates\ARM
\startup_LPC43xx.s
   Uses
      At line 117 in file ..\..\..\Core\Device\NXP\LPC43xx\Source\Templates\ARM
\startup_LPC43xx.s
      At line 234 in file ..\..\..\Core\Device\NXP\LPC43xx\Source\Templates\ARM
\startup_LPC43xx.s

DAC_IRQHandler 00000016

Symbol: DAC_IRQHandler
   Definitions
      At line 246 in file ..\..\..\Core\Device\NXP\LPC43xx\Source\Templates\ARM
\startup_LPC43xx.s
   Uses
      At line 74 in file ..\..\..\Core\Device\NXP\LPC43xx\Source\Templates\ARM\
startup_LPC43xx.s
      At line 191 in file ..\..\..\Core\Device\NXP\LPC43xx\Source\Templates\ARM
\startup_LPC43xx.s

DMA_IRQHandler 00000016

Symbol: DMA_IRQHandler
   Definitions
      At line 248 in file ..\..\..\Core\Device\NXP\LPC43xx\Source\Templates\ARM
\startup_LPC43xx.s
   Uses
      At line 76 in file ..\..\..\Core\Device\NXP\LPC43xx\Source\Templates\ARM\
startup_LPC43xx.s
      At line 193 in file ..\..\..\Core\Device\NXP\LPC43xx\Source\Templates\ARM
\startup_LPC43xx.s

DebugMon_Handler 00000010

Symbol: DebugMon_Handler
   Definitions
      At line 176 in file ..\..\..\Core\Device\NXP\LPC43xx\Source\Templates\ARM
\startup_LPC43xx.s
   Uses
      At line 68 in file ..\..\..\Core\Device\NXP\LPC43xx\Source\Templates\ARM\
startup_LPC43xx.s
      At line 177 in file ..\..\..\Core\Device\NXP\LPC43xx\Source\Templates\ARM
\startup_LPC43xx.s

Default_Handler 00000016



ARM Macro Assembler    Page 3 Alphabetic symbol ordering
Relocatable symbols


Symbol: Default_Handler
   Definitions
      At line 189 in file ..\..\..\Core\Device\NXP\LPC43xx\Source\Templates\ARM
\startup_LPC43xx.s
   Uses
      None
Comment: Default_Handler unused
ETH_IRQHandler 00000016

Symbol: ETH_IRQHandler
   Definitions
      At line 251 in file ..\..\..\Core\Device\NXP\LPC43xx\Source\Templates\ARM
\startup_LPC43xx.s
   Uses
      At line 79 in file ..\..\..\Core\Device\NXP\LPC43xx\Source\Templates\ARM\
startup_LPC43xx.s
      At line 196 in file ..\..\..\Core\Device\NXP\LPC43xx\Source\Templates\ARM
\startup_LPC43xx.s

EVRT_IRQHandler 00000016

Symbol: EVRT_IRQHandler
   Definitions
      At line 288 in file ..\..\..\Core\Device\NXP\LPC43xx\Source\Templates\ARM
\startup_LPC43xx.s
   Uses
      At line 116 in file ..\..\..\Core\Device\NXP\LPC43xx\Source\Templates\ARM
\startup_LPC43xx.s
      At line 233 in file ..\..\..\Core\Device\NXP\LPC43xx\Source\Templates\ARM
\startup_LPC43xx.s

EZH_IRQHandler 00000016

Symbol: EZH_IRQHandler
   Definitions
      At line 249 in file ..\..\..\Core\Device\NXP\LPC43xx\Source\Templates\ARM
\startup_LPC43xx.s
   Uses
      At line 77 in file ..\..\..\Core\Device\NXP\LPC43xx\Source\Templates\ARM\
startup_LPC43xx.s
      At line 194 in file ..\..\..\Core\Device\NXP\LPC43xx\Source\Templates\ARM
\startup_LPC43xx.s

FLASH_EEPROM_IRQHandler 00000016

Symbol: FLASH_EEPROM_IRQHandler
   Definitions
      At line 250 in file ..\..\..\Core\Device\NXP\LPC43xx\Source\Templates\ARM
\startup_LPC43xx.s
   Uses
      At line 78 in file ..\..\..\Core\Device\NXP\LPC43xx\Source\Templates\ARM\
startup_LPC43xx.s
      At line 195 in file ..\..\..\Core\Device\NXP\LPC43xx\Source\Templates\ARM
\startup_LPC43xx.s

GINT0_IRQHandler 00000016

Symbol: GINT0_IRQHandler



ARM Macro Assembler    Page 4 Alphabetic symbol ordering
Relocatable symbols

   Definitions
      At line 286 in file ..\..\..\Core\Device\NXP\LPC43xx\Source\Templates\ARM
\startup_LPC43xx.s
   Uses
      At line 114 in file ..\..\..\Core\Device\NXP\LPC43xx\Source\Templates\ARM
\startup_LPC43xx.s
      At line 231 in file ..\..\..\Core\Device\NXP\LPC43xx\Source\Templates\ARM
\startup_LPC43xx.s

GINT1_IRQHandler 00000016

Symbol: GINT1_IRQHandler
   Definitions
      At line 287 in file ..\..\..\Core\Device\NXP\LPC43xx\Source\Templates\ARM
\startup_LPC43xx.s
   Uses
      At line 115 in file ..\..\..\Core\Device\NXP\LPC43xx\Source\Templates\ARM
\startup_LPC43xx.s
      At line 232 in file ..\..\..\Core\Device\NXP\LPC43xx\Source\Templates\ARM
\startup_LPC43xx.s

GPIO0_IRQHandler 00000016

Symbol: GPIO0_IRQHandler
   Definitions
      At line 278 in file ..\..\..\Core\Device\NXP\LPC43xx\Source\Templates\ARM
\startup_LPC43xx.s
   Uses
      At line 106 in file ..\..\..\Core\Device\NXP\LPC43xx\Source\Templates\ARM
\startup_LPC43xx.s
      At line 223 in file ..\..\..\Core\Device\NXP\LPC43xx\Source\Templates\ARM
\startup_LPC43xx.s

GPIO1_IRQHandler 00000016

Symbol: GPIO1_IRQHandler
   Definitions
      At line 279 in file ..\..\..\Core\Device\NXP\LPC43xx\Source\Templates\ARM
\startup_LPC43xx.s
   Uses
      At line 107 in file ..\..\..\Core\Device\NXP\LPC43xx\Source\Templates\ARM
\startup_LPC43xx.s
      At line 224 in file ..\..\..\Core\Device\NXP\LPC43xx\Source\Templates\ARM
\startup_LPC43xx.s

GPIO2_IRQHandler 00000016

Symbol: GPIO2_IRQHandler
   Definitions
      At line 280 in file ..\..\..\Core\Device\NXP\LPC43xx\Source\Templates\ARM
\startup_LPC43xx.s
   Uses
      At line 108 in file ..\..\..\Core\Device\NXP\LPC43xx\Source\Templates\ARM
\startup_LPC43xx.s
      At line 225 in file ..\..\..\Core\Device\NXP\LPC43xx\Source\Templates\ARM
\startup_LPC43xx.s

GPIO3_IRQHandler 00000016




ARM Macro Assembler    Page 5 Alphabetic symbol ordering
Relocatable symbols

Symbol: GPIO3_IRQHandler
   Definitions
      At line 281 in file ..\..\..\Core\Device\NXP\LPC43xx\Source\Templates\ARM
\startup_LPC43xx.s
   Uses
      At line 109 in file ..\..\..\Core\Device\NXP\LPC43xx\Source\Templates\ARM
\startup_LPC43xx.s
      At line 226 in file ..\..\..\Core\Device\NXP\LPC43xx\Source\Templates\ARM
\startup_LPC43xx.s

GPIO4_IRQHandler 00000016

Symbol: GPIO4_IRQHandler
   Definitions
      At line 282 in file ..\..\..\Core\Device\NXP\LPC43xx\Source\Templates\ARM
\startup_LPC43xx.s
   Uses
      At line 110 in file ..\..\..\Core\Device\NXP\LPC43xx\Source\Templates\ARM
\startup_LPC43xx.s
      At line 227 in file ..\..\..\Core\Device\NXP\LPC43xx\Source\Templates\ARM
\startup_LPC43xx.s

GPIO5_IRQHandler 00000016

Symbol: GPIO5_IRQHandler
   Definitions
      At line 283 in file ..\..\..\Core\Device\NXP\LPC43xx\Source\Templates\ARM
\startup_LPC43xx.s
   Uses
      At line 111 in file ..\..\..\Core\Device\NXP\LPC43xx\Source\Templates\ARM
\startup_LPC43xx.s
      At line 228 in file ..\..\..\Core\Device\NXP\LPC43xx\Source\Templates\ARM
\startup_LPC43xx.s

GPIO6_IRQHandler 00000016

Symbol: GPIO6_IRQHandler
   Definitions
      At line 284 in file ..\..\..\Core\Device\NXP\LPC43xx\Source\Templates\ARM
\startup_LPC43xx.s
   Uses
      At line 112 in file ..\..\..\Core\Device\NXP\LPC43xx\Source\Templates\ARM
\startup_LPC43xx.s
      At line 229 in file ..\..\..\Core\Device\NXP\LPC43xx\Source\Templates\ARM
\startup_LPC43xx.s

GPIO7_IRQHandler 00000016

Symbol: GPIO7_IRQHandler
   Definitions
      At line 285 in file ..\..\..\Core\Device\NXP\LPC43xx\Source\Templates\ARM
\startup_LPC43xx.s
   Uses
      At line 113 in file ..\..\..\Core\Device\NXP\LPC43xx\Source\Templates\ARM
\startup_LPC43xx.s
      At line 230 in file ..\..\..\Core\Device\NXP\LPC43xx\Source\Templates\ARM
\startup_LPC43xx.s

HardFault_Handler 00000006



ARM Macro Assembler    Page 6 Alphabetic symbol ordering
Relocatable symbols


Symbol: HardFault_Handler
   Definitions
      At line 152 in file ..\..\..\Core\Device\NXP\LPC43xx\Source\Templates\ARM
\startup_LPC43xx.s
   Uses
      At line 59 in file ..\..\..\Core\Device\NXP\LPC43xx\Source\Templates\ARM\
startup_LPC43xx.s
      At line 153 in file ..\..\..\Core\Device\NXP\LPC43xx\Source\Templates\ARM
\startup_LPC43xx.s

I2C0_IRQHandler 00000016

Symbol: I2C0_IRQHandler
   Definitions
      At line 264 in file ..\..\..\Core\Device\NXP\LPC43xx\Source\Templates\ARM
\startup_LPC43xx.s
   Uses
      At line 92 in file ..\..\..\Core\Device\NXP\LPC43xx\Source\Templates\ARM\
startup_LPC43xx.s
      At line 209 in file ..\..\..\Core\Device\NXP\LPC43xx\Source\Templates\ARM
\startup_LPC43xx.s

I2C1_IRQHandler 00000016

Symbol: I2C1_IRQHandler
   Definitions
      At line 265 in file ..\..\..\Core\Device\NXP\LPC43xx\Source\Templates\ARM
\startup_LPC43xx.s
   Uses
      At line 93 in file ..\..\..\Core\Device\NXP\LPC43xx\Source\Templates\ARM\
startup_LPC43xx.s
      At line 210 in file ..\..\..\Core\Device\NXP\LPC43xx\Source\Templates\ARM
\startup_LPC43xx.s

I2S0_IRQHandler 00000016

Symbol: I2S0_IRQHandler
   Definitions
      At line 274 in file ..\..\..\Core\Device\NXP\LPC43xx\Source\Templates\ARM
\startup_LPC43xx.s
   Uses
      At line 102 in file ..\..\..\Core\Device\NXP\LPC43xx\Source\Templates\ARM
\startup_LPC43xx.s
      At line 219 in file ..\..\..\Core\Device\NXP\LPC43xx\Source\Templates\ARM
\startup_LPC43xx.s

I2S1_IRQHandler 00000016

Symbol: I2S1_IRQHandler
   Definitions
      At line 275 in file ..\..\..\Core\Device\NXP\LPC43xx\Source\Templates\ARM
\startup_LPC43xx.s
   Uses
      At line 103 in file ..\..\..\Core\Device\NXP\LPC43xx\Source\Templates\ARM
\startup_LPC43xx.s
      At line 220 in file ..\..\..\Core\Device\NXP\LPC43xx\Source\Templates\ARM
\startup_LPC43xx.s




ARM Macro Assembler    Page 7 Alphabetic symbol ordering
Relocatable symbols

LCD_IRQHandler 00000016

Symbol: LCD_IRQHandler
   Definitions
      At line 253 in file ..\..\..\Core\Device\NXP\LPC43xx\Source\Templates\ARM
\startup_LPC43xx.s
   Uses
      At line 81 in file ..\..\..\Core\Device\NXP\LPC43xx\Source\Templates\ARM\
startup_LPC43xx.s
      At line 198 in file ..\..\..\Core\Device\NXP\LPC43xx\Source\Templates\ARM
\startup_LPC43xx.s

M0CORE_IRQHandler 00000016

Symbol: M0CORE_IRQHandler
   Definitions
      At line 247 in file ..\..\..\Core\Device\NXP\LPC43xx\Source\Templates\ARM
\startup_LPC43xx.s
   Uses
      At line 75 in file ..\..\..\Core\Device\NXP\LPC43xx\Source\Templates\ARM\
startup_LPC43xx.s
      At line 192 in file ..\..\..\Core\Device\NXP\LPC43xx\Source\Templates\ARM
\startup_LPC43xx.s

M0s_IRQHandler 00000016

Symbol: M0s_IRQHandler
   Definitions
      At line 296 in file ..\..\..\Core\Device\NXP\LPC43xx\Source\Templates\ARM
\startup_LPC43xx.s
   Uses
      At line 124 in file ..\..\..\Core\Device\NXP\LPC43xx\Source\Templates\ARM
\startup_LPC43xx.s
      At line 241 in file ..\..\..\Core\Device\NXP\LPC43xx\Source\Templates\ARM
\startup_LPC43xx.s

MCPWM_IRQHandler 00000016

Symbol: MCPWM_IRQHandler
   Definitions
      At line 262 in file ..\..\..\Core\Device\NXP\LPC43xx\Source\Templates\ARM
\startup_LPC43xx.s
   Uses
      At line 90 in file ..\..\..\Core\Device\NXP\LPC43xx\Source\Templates\ARM\
startup_LPC43xx.s
      At line 207 in file ..\..\..\Core\Device\NXP\LPC43xx\Source\Templates\ARM
\startup_LPC43xx.s

MemManage_Handler 00000008

Symbol: MemManage_Handler
   Definitions
      At line 157 in file ..\..\..\Core\Device\NXP\LPC43xx\Source\Templates\ARM
\startup_LPC43xx.s
   Uses
      At line 60 in file ..\..\..\Core\Device\NXP\LPC43xx\Source\Templates\ARM\
startup_LPC43xx.s
      At line 158 in file ..\..\..\Core\Device\NXP\LPC43xx\Source\Templates\ARM
\startup_LPC43xx.s



ARM Macro Assembler    Page 8 Alphabetic symbol ordering
Relocatable symbols


NMI_Handler 00000004

Symbol: NMI_Handler
   Definitions
      At line 147 in file ..\..\..\Core\Device\NXP\LPC43xx\Source\Templates\ARM
\startup_LPC43xx.s
   Uses
      At line 58 in file ..\..\..\Core\Device\NXP\LPC43xx\Source\Templates\ARM\
startup_LPC43xx.s
      At line 148 in file ..\..\..\Core\Device\NXP\LPC43xx\Source\Templates\ARM
\startup_LPC43xx.s

PendSV_Handler 00000012

Symbol: PendSV_Handler
   Definitions
      At line 180 in file ..\..\..\Core\Device\NXP\LPC43xx\Source\Templates\ARM
\startup_LPC43xx.s
   Uses
      At line 70 in file ..\..\..\Core\Device\NXP\LPC43xx\Source\Templates\ARM\
startup_LPC43xx.s
      At line 181 in file ..\..\..\Core\Device\NXP\LPC43xx\Source\Templates\ARM
\startup_LPC43xx.s

QEI_IRQHandler 00000016

Symbol: QEI_IRQHandler
   Definitions
      At line 298 in file ..\..\..\Core\Device\NXP\LPC43xx\Source\Templates\ARM
\startup_LPC43xx.s
   Uses
      At line 126 in file ..\..\..\Core\Device\NXP\LPC43xx\Source\Templates\ARM
\startup_LPC43xx.s
      At line 243 in file ..\..\..\Core\Device\NXP\LPC43xx\Source\Templates\ARM
\startup_LPC43xx.s

RIT_IRQHandler 00000016

Symbol: RIT_IRQHandler
   Definitions
      At line 257 in file ..\..\..\Core\Device\NXP\LPC43xx\Source\Templates\ARM
\startup_LPC43xx.s
   Uses
      At line 85 in file ..\..\..\Core\Device\NXP\LPC43xx\Source\Templates\ARM\
startup_LPC43xx.s
      At line 202 in file ..\..\..\Core\Device\NXP\LPC43xx\Source\Templates\ARM
\startup_LPC43xx.s

RTC_IRQHandler 00000016

Symbol: RTC_IRQHandler
   Definitions
      At line 293 in file ..\..\..\Core\Device\NXP\LPC43xx\Source\Templates\ARM
\startup_LPC43xx.s
   Uses
      At line 121 in file ..\..\..\Core\Device\NXP\LPC43xx\Source\Templates\ARM
\startup_LPC43xx.s
      At line 238 in file ..\..\..\Core\Device\NXP\LPC43xx\Source\Templates\ARM



ARM Macro Assembler    Page 9 Alphabetic symbol ordering
Relocatable symbols

\startup_LPC43xx.s

Reset_Handler 00000000

Symbol: Reset_Handler
   Definitions
      At line 138 in file ..\..\..\Core\Device\NXP\LPC43xx\Source\Templates\ARM
\startup_LPC43xx.s
   Uses
      At line 57 in file ..\..\..\Core\Device\NXP\LPC43xx\Source\Templates\ARM\
startup_LPC43xx.s
      At line 139 in file ..\..\..\Core\Device\NXP\LPC43xx\Source\Templates\ARM
\startup_LPC43xx.s

SCT_IRQHandler 00000016

Symbol: SCT_IRQHandler
   Definitions
      At line 256 in file ..\..\..\Core\Device\NXP\LPC43xx\Source\Templates\ARM
\startup_LPC43xx.s
   Uses
      At line 84 in file ..\..\..\Core\Device\NXP\LPC43xx\Source\Templates\ARM\
startup_LPC43xx.s
      At line 201 in file ..\..\..\Core\Device\NXP\LPC43xx\Source\Templates\ARM
\startup_LPC43xx.s

SDIO_IRQHandler 00000016

Symbol: SDIO_IRQHandler
   Definitions
      At line 252 in file ..\..\..\Core\Device\NXP\LPC43xx\Source\Templates\ARM
\startup_LPC43xx.s
   Uses
      At line 80 in file ..\..\..\Core\Device\NXP\LPC43xx\Source\Templates\ARM\
startup_LPC43xx.s
      At line 197 in file ..\..\..\Core\Device\NXP\LPC43xx\Source\Templates\ARM
\startup_LPC43xx.s

SGPIO_IRQHandler 00000016

Symbol: SGPIO_IRQHandler
   Definitions
      At line 277 in file ..\..\..\Core\Device\NXP\LPC43xx\Source\Templates\ARM
\startup_LPC43xx.s
   Uses
      At line 105 in file ..\..\..\Core\Device\NXP\LPC43xx\Source\Templates\ARM
\startup_LPC43xx.s
      At line 222 in file ..\..\..\Core\Device\NXP\LPC43xx\Source\Templates\ARM
\startup_LPC43xx.s

SPIFI_IRQHandler 00000016

Symbol: SPIFI_IRQHandler
   Definitions
      At line 276 in file ..\..\..\Core\Device\NXP\LPC43xx\Source\Templates\ARM
\startup_LPC43xx.s
   Uses
      At line 104 in file ..\..\..\Core\Device\NXP\LPC43xx\Source\Templates\ARM
\startup_LPC43xx.s



ARM Macro Assembler    Page 10 Alphabetic symbol ordering
Relocatable symbols

      At line 221 in file ..\..\..\Core\Device\NXP\LPC43xx\Source\Templates\ARM
\startup_LPC43xx.s

SPI_IRQHandler 00000016

Symbol: SPI_IRQHandler
   Definitions
      At line 266 in file ..\..\..\Core\Device\NXP\LPC43xx\Source\Templates\ARM
\startup_LPC43xx.s
   Uses
      At line 94 in file ..\..\..\Core\Device\NXP\LPC43xx\Source\Templates\ARM\
startup_LPC43xx.s
      At line 211 in file ..\..\..\Core\Device\NXP\LPC43xx\Source\Templates\ARM
\startup_LPC43xx.s

SSP0_IRQHandler 00000016

Symbol: SSP0_IRQHandler
   Definitions
      At line 268 in file ..\..\..\Core\Device\NXP\LPC43xx\Source\Templates\ARM
\startup_LPC43xx.s
   Uses
      At line 96 in file ..\..\..\Core\Device\NXP\LPC43xx\Source\Templates\ARM\
startup_LPC43xx.s
      At line 213 in file ..\..\..\Core\Device\NXP\LPC43xx\Source\Templates\ARM
\startup_LPC43xx.s

SSP1_IRQHandler 00000016

Symbol: SSP1_IRQHandler
   Definitions
      At line 269 in file ..\..\..\Core\Device\NXP\LPC43xx\Source\Templates\ARM
\startup_LPC43xx.s
   Uses
      At line 97 in file ..\..\..\Core\Device\NXP\LPC43xx\Source\Templates\ARM\
startup_LPC43xx.s
      At line 214 in file ..\..\..\Core\Device\NXP\LPC43xx\Source\Templates\ARM
\startup_LPC43xx.s

SVC_Handler 0000000E

Symbol: SVC_Handler
   Definitions
      At line 171 in file ..\..\..\Core\Device\NXP\LPC43xx\Source\Templates\ARM
\startup_LPC43xx.s
   Uses
      At line 67 in file ..\..\..\Core\Device\NXP\LPC43xx\Source\Templates\ARM\
startup_LPC43xx.s
      At line 172 in file ..\..\..\Core\Device\NXP\LPC43xx\Source\Templates\ARM
\startup_LPC43xx.s

SysTick_Handler 00000014

Symbol: SysTick_Handler
   Definitions
      At line 184 in file ..\..\..\Core\Device\NXP\LPC43xx\Source\Templates\ARM
\startup_LPC43xx.s
   Uses
      At line 71 in file ..\..\..\Core\Device\NXP\LPC43xx\Source\Templates\ARM\



ARM Macro Assembler    Page 11 Alphabetic symbol ordering
Relocatable symbols

startup_LPC43xx.s
      At line 185 in file ..\..\..\Core\Device\NXP\LPC43xx\Source\Templates\ARM
\startup_LPC43xx.s

TIMER0_IRQHandler 00000016

Symbol: TIMER0_IRQHandler
   Definitions
      At line 258 in file ..\..\..\Core\Device\NXP\LPC43xx\Source\Templates\ARM
\startup_LPC43xx.s
   Uses
      At line 86 in file ..\..\..\Core\Device\NXP\LPC43xx\Source\Templates\ARM\
startup_LPC43xx.s
      At line 203 in file ..\..\..\Core\Device\NXP\LPC43xx\Source\Templates\ARM
\startup_LPC43xx.s

TIMER1_IRQHandler 00000016

Symbol: TIMER1_IRQHandler
   Definitions
      At line 259 in file ..\..\..\Core\Device\NXP\LPC43xx\Source\Templates\ARM
\startup_LPC43xx.s
   Uses
      At line 87 in file ..\..\..\Core\Device\NXP\LPC43xx\Source\Templates\ARM\
startup_LPC43xx.s
      At line 204 in file ..\..\..\Core\Device\NXP\LPC43xx\Source\Templates\ARM
\startup_LPC43xx.s

TIMER2_IRQHandler 00000016

Symbol: TIMER2_IRQHandler
   Definitions
      At line 260 in file ..\..\..\Core\Device\NXP\LPC43xx\Source\Templates\ARM
\startup_LPC43xx.s
   Uses
      At line 88 in file ..\..\..\Core\Device\NXP\LPC43xx\Source\Templates\ARM\
startup_LPC43xx.s
      At line 205 in file ..\..\..\Core\Device\NXP\LPC43xx\Source\Templates\ARM
\startup_LPC43xx.s

TIMER3_IRQHandler 00000016

Symbol: TIMER3_IRQHandler
   Definitions
      At line 261 in file ..\..\..\Core\Device\NXP\LPC43xx\Source\Templates\ARM
\startup_LPC43xx.s
   Uses
      At line 89 in file ..\..\..\Core\Device\NXP\LPC43xx\Source\Templates\ARM\
startup_LPC43xx.s
      At line 206 in file ..\..\..\Core\Device\NXP\LPC43xx\Source\Templates\ARM
\startup_LPC43xx.s

UART0_IRQHandler 00000016

Symbol: UART0_IRQHandler
   Definitions
      At line 270 in file ..\..\..\Core\Device\NXP\LPC43xx\Source\Templates\ARM
\startup_LPC43xx.s
   Uses



ARM Macro Assembler    Page 12 Alphabetic symbol ordering
Relocatable symbols

      At line 98 in file ..\..\..\Core\Device\NXP\LPC43xx\Source\Templates\ARM\
startup_LPC43xx.s
      At line 215 in file ..\..\..\Core\Device\NXP\LPC43xx\Source\Templates\ARM
\startup_LPC43xx.s

UART1_IRQHandler 00000016

Symbol: UART1_IRQHandler
   Definitions
      At line 271 in file ..\..\..\Core\Device\NXP\LPC43xx\Source\Templates\ARM
\startup_LPC43xx.s
   Uses
      At line 99 in file ..\..\..\Core\Device\NXP\LPC43xx\Source\Templates\ARM\
startup_LPC43xx.s
      At line 216 in file ..\..\..\Core\Device\NXP\LPC43xx\Source\Templates\ARM
\startup_LPC43xx.s

UART2_IRQHandler 00000016

Symbol: UART2_IRQHandler
   Definitions
      At line 272 in file ..\..\..\Core\Device\NXP\LPC43xx\Source\Templates\ARM
\startup_LPC43xx.s
   Uses
      At line 100 in file ..\..\..\Core\Device\NXP\LPC43xx\Source\Templates\ARM
\startup_LPC43xx.s
      At line 217 in file ..\..\..\Core\Device\NXP\LPC43xx\Source\Templates\ARM
\startup_LPC43xx.s

UART3_IRQHandler 00000016

Symbol: UART3_IRQHandler
   Definitions
      At line 273 in file ..\..\..\Core\Device\NXP\LPC43xx\Source\Templates\ARM
\startup_LPC43xx.s
   Uses
      At line 101 in file ..\..\..\Core\Device\NXP\LPC43xx\Source\Templates\ARM
\startup_LPC43xx.s
      At line 218 in file ..\..\..\Core\Device\NXP\LPC43xx\Source\Templates\ARM
\startup_LPC43xx.s

USB0_IRQHandler 00000016

Symbol: USB0_IRQHandler
   Definitions
      At line 254 in file ..\..\..\Core\Device\NXP\LPC43xx\Source\Templates\ARM
\startup_LPC43xx.s
   Uses
      At line 82 in file ..\..\..\Core\Device\NXP\LPC43xx\Source\Templates\ARM\
startup_LPC43xx.s
      At line 199 in file ..\..\..\Core\Device\NXP\LPC43xx\Source\Templates\ARM
\startup_LPC43xx.s

USB1_IRQHandler 00000016

Symbol: USB1_IRQHandler
   Definitions
      At line 255 in file ..\..\..\Core\Device\NXP\LPC43xx\Source\Templates\ARM
\startup_LPC43xx.s



ARM Macro Assembler    Page 13 Alphabetic symbol ordering
Relocatable symbols

   Uses
      At line 83 in file ..\..\..\Core\Device\NXP\LPC43xx\Source\Templates\ARM\
startup_LPC43xx.s
      At line 200 in file ..\..\..\Core\Device\NXP\LPC43xx\Source\Templates\ARM
\startup_LPC43xx.s

UsageFault_Handler 0000000C

Symbol: UsageFault_Handler
   Definitions
      At line 167 in file ..\..\..\Core\Device\NXP\LPC43xx\Source\Templates\ARM
\startup_LPC43xx.s
   Uses
      At line 62 in file ..\..\..\Core\Device\NXP\LPC43xx\Source\Templates\ARM\
startup_LPC43xx.s
      At line 168 in file ..\..\..\Core\Device\NXP\LPC43xx\Source\Templates\ARM
\startup_LPC43xx.s

VADC_IRQHandler 00000016

Symbol: VADC_IRQHandler
   Definitions
      At line 291 in file ..\..\..\Core\Device\NXP\LPC43xx\Source\Templates\ARM
\startup_LPC43xx.s
   Uses
      At line 119 in file ..\..\..\Core\Device\NXP\LPC43xx\Source\Templates\ARM
\startup_LPC43xx.s
      At line 236 in file ..\..\..\Core\Device\NXP\LPC43xx\Source\Templates\ARM
\startup_LPC43xx.s

WDT_IRQHandler 00000016

Symbol: WDT_IRQHandler
   Definitions
      At line 295 in file ..\..\..\Core\Device\NXP\LPC43xx\Source\Templates\ARM
\startup_LPC43xx.s
   Uses
      At line 123 in file ..\..\..\Core\Device\NXP\LPC43xx\Source\Templates\ARM
\startup_LPC43xx.s
      At line 240 in file ..\..\..\Core\Device\NXP\LPC43xx\Source\Templates\ARM
\startup_LPC43xx.s

getPC 0000001C

Symbol: getPC
   Definitions
      At line 330 in file ..\..\..\Core\Device\NXP\LPC43xx\Source\Templates\ARM
\startup_LPC43xx.s
   Uses
      At line 331 in file ..\..\..\Core\Device\NXP\LPC43xx\Source\Templates\ARM
\startup_LPC43xx.s
Comment: getPC used once
64 symbols



ARM Macro Assembler    Page 1 Alphabetic symbol ordering
Absolute symbols

Heap_Size 00000000

Symbol: Heap_Size
   Definitions
      At line 39 in file ..\..\..\Core\Device\NXP\LPC43xx\Source\Templates\ARM\
startup_LPC43xx.s
   Uses
      At line 43 in file ..\..\..\Core\Device\NXP\LPC43xx\Source\Templates\ARM\
startup_LPC43xx.s
Comment: Heap_Size used once
Sign_Value 5A5A5A5A

Symbol: Sign_Value
   Definitions
      At line 54 in file ..\..\..\Core\Device\NXP\LPC43xx\Source\Templates\ARM\
startup_LPC43xx.s
   Uses
      At line 63 in file ..\..\..\Core\Device\NXP\LPC43xx\Source\Templates\ARM\
startup_LPC43xx.s
Comment: Sign_Value used once
Stack_Size 00000800

Symbol: Stack_Size
   Definitions
      At line 29 in file ..\..\..\Core\Device\NXP\LPC43xx\Source\Templates\ARM\
startup_LPC43xx.s
   Uses
      At line 32 in file ..\..\..\Core\Device\NXP\LPC43xx\Source\Templates\ARM\
startup_LPC43xx.s
Comment: Stack_Size used once
3 symbols



ARM Macro Assembler    Page 1 Alphabetic symbol ordering
External symbols

__main 00000000

Symbol: __main
   Definitions
      At line 140 in file ..\..\..\Core\Device\NXP\LPC43xx\Source\Templates\ARM
\startup_LPC43xx.s
   Uses
      At line 141 in file ..\..\..\Core\Device\NXP\LPC43xx\Source\Templates\ARM
\startup_LPC43xx.s
Comment: __main used once
1 symbol
412 symbols in table
